<?xml version="1.0" encoding="UTF-8"?>
<testng-results skipped="0" failed="0" ignored="0" total="2" passed="2">
  <reporter-output>
  </reporter-output>
  <suite name="Default suite" duration-ms="81401" started-at="2019-09-22T04:21:36Z" finished-at="2019-09-22T04:22:57Z">
    <groups>
    </groups>
    <test name="Default test" duration-ms="81401" started-at="2019-09-22T04:21:36Z" finished-at="2019-09-22T04:22:57Z">
      <class name="com.ScreenRecording.testCases.MyTestDemo">
        <test-method status="PASS" signature="setup()[pri:0, instance:com.ScreenRecording.testCases.MyTestDemo@4501b7af]" name="setup" is-config="true" duration-ms="8767" started-at="2019-09-22T04:21:36Z" finished-at="2019-09-22T04:21:44Z">
          <reporter-output>
          </reporter-output>
        </test-method> <!-- setup -->
        <test-method status="PASS" signature="navigationTest()[pri:0, instance:com.ScreenRecording.testCases.MyTestDemo@4501b7af]" name="navigationTest" duration-ms="32944" started-at="2019-09-22T04:21:44Z" finished-at="2019-09-22T04:22:17Z">
          <reporter-output>
          </reporter-output>
        </test-method> <!-- navigationTest -->
        <test-method status="PASS" signature="tearDown()[pri:0, instance:com.ScreenRecording.testCases.MyTestDemo@4501b7af]" name="tearDown" is-config="true" duration-ms="667" started-at="2019-09-22T04:22:17Z" finished-at="2019-09-22T04:22:18Z">
          <reporter-output>
          </reporter-output>
        </test-method> <!-- tearDown -->
        <test-method status="PASS" signature="setup()[pri:0, instance:com.ScreenRecording.testCases.MyTestDemo@4501b7af]" name="setup" is-config="true" duration-ms="6359" started-at="2019-09-22T04:22:18Z" finished-at="2019-09-22T04:22:24Z">
          <reporter-output>
          </reporter-output>
        </test-method> <!-- setup -->
        <test-method status="PASS" signature="navigation_FeatureTest()[pri:0, instance:com.ScreenRecording.testCases.MyTestDemo@4501b7af]" name="navigation_FeatureTest" duration-ms="32017" started-at="2019-09-22T04:22:24Z" finished-at="2019-09-22T04:22:56Z">
          <reporter-output>
          </reporter-output>
        </test-method> <!-- navigation_FeatureTest -->
        <test-method status="PASS" signature="tearDown()[pri:0, instance:com.ScreenRecording.testCases.MyTestDemo@4501b7af]" name="tearDown" is-config="true" duration-ms="621" started-at="2019-09-22T04:22:56Z" finished-at="2019-09-22T04:22:57Z">
          <reporter-output>
          </reporter-output>
        </test-method> <!-- tearDown -->
      </class> <!-- com.ScreenRecording.testCases.MyTestDemo -->
    </test> <!-- Default test -->
  </suite> <!-- Default suite -->
</testng-results>
